{"/Users/ignacioachaval/workspace/src/github/fullstack-app/frontend/src/App.jsx": {"path":"/Users/ignacioachaval/workspace/src/github/fullstack-app/frontend/src/App.jsx","statementMap":{"0":{"start":{"line":5,"column":28},"end":{"line":5,"column":40}},"1":{"start":{"line":6,"column":26},"end":{"line":6,"column":38}},"2":{"start":{"line":7,"column":28},"end":{"line":7,"column":40}},"3":{"start":{"line":9,"column":2},"end":{"line":11,"column":9}},"4":{"start":{"line":10,"column":4},"end":{"line":10,"column":79}},"5":{"start":{"line":10,"column":59},"end":{"line":10,"column":77}},"6":{"start":{"line":13,"column":18},"end":{"line":16,"column":3}},"7":{"start":{"line":14,"column":4},"end":{"line":14,"column":69}},"8":{"start":{"line":15,"column":4},"end":{"line":15,"column":42}},"9":{"start":{"line":18,"column":2},"end":{"line":30,"column":4}},"10":{"start":{"line":21,"column":51},"end":{"line":21,"column":74}},"11":{"start":{"line":22,"column":50},"end":{"line":22,"column":74}},"12":{"start":{"line":26,"column":10},"end":{"line":26,"column":57}}},"fnMap":{"0":{"name":"App","decl":{"start":{"line":4,"column":9},"end":{"line":4,"column":12}},"loc":{"start":{"line":4,"column":15},"end":{"line":31,"column":1}},"line":4},"1":{"name":"(anonymous_1)","decl":{"start":{"line":9,"column":12},"end":{"line":9,"column":13}},"loc":{"start":{"line":9,"column":18},"end":{"line":11,"column":3}},"line":9},"2":{"name":"(anonymous_2)","decl":{"start":{"line":10,"column":50},"end":{"line":10,"column":51}},"loc":{"start":{"line":10,"column":59},"end":{"line":10,"column":77}},"line":10},"3":{"name":"(anonymous_3)","decl":{"start":{"line":13,"column":18},"end":{"line":13,"column":19}},"loc":{"start":{"line":13,"column":30},"end":{"line":16,"column":3}},"line":13},"4":{"name":"(anonymous_4)","decl":{"start":{"line":21,"column":44},"end":{"line":21,"column":45}},"loc":{"start":{"line":21,"column":51},"end":{"line":21,"column":74}},"line":21},"5":{"name":"(anonymous_5)","decl":{"start":{"line":22,"column":43},"end":{"line":22,"column":44}},"loc":{"start":{"line":22,"column":50},"end":{"line":22,"column":74}},"line":22},"6":{"name":"(anonymous_6)","decl":{"start":{"line":25,"column":19},"end":{"line":25,"column":20}},"loc":{"start":{"line":26,"column":10},"end":{"line":26,"column":57}},"line":26}},"branchMap":{},"s":{"0":1,"1":1,"2":1,"3":1,"4":1,"5":0,"6":1,"7":0,"8":0,"9":1,"10":0,"11":0,"12":0},"f":{"0":1,"1":1,"2":0,"3":0,"4":0,"5":0,"6":0},"b":{},"_coverageSchema":"1a1c01bbd47fc00a2c39e90264f33305004495a9","hash":"ac610e74a37b50d4a325d18d2ed3f98588231ea6"}
}
