<?xml version="1.0" encoding="UTF-8"?>
<coverage generated="1740696804057" clover="3.2.0">
  <project timestamp="1740696804057" name="All files">
    <metrics statements="27" coveredstatements="19" conditionals="12" coveredconditionals="7" methods="3" coveredmethods="1" elements="42" coveredelements="27" complexity="0" loc="27" ncloc="27" packages="1" files="1" classes="1"/>
    <file name="index.js" path="/Users/ignacioachaval/workspace/src/github/fullstack-app/backend/index.js">
      <metrics statements="27" coveredstatements="19" conditionals="12" coveredconditionals="7" methods="3" coveredmethods="1"/>
      <line num="1" count="1" type="stmt"/>
      <line num="2" count="1" type="stmt"/>
      <line num="3" count="1" type="stmt"/>
      <line num="4" count="1" type="stmt"/>
      <line num="6" count="1" type="stmt"/>
      <line num="7" count="1" type="stmt"/>
      <line num="8" count="1" type="stmt"/>
      <line num="10" count="1" type="cond" truecount="2" falsecount="0"/>
      <line num="11" count="1" type="stmt"/>
      <line num="19" count="1" type="stmt"/>
      <line num="21" count="1" type="stmt"/>
      <line num="23" count="1" type="stmt"/>
      <line num="24" count="0" type="stmt"/>
      <line num="28" count="1" type="stmt"/>
      <line num="29" count="1" type="stmt"/>
      <line num="30" count="1" type="stmt"/>
      <line num="31" count="0" type="stmt"/>
      <line num="33" count="1" type="stmt"/>
      <line num="34" count="1" type="stmt"/>
      <line num="38" count="1" type="stmt"/>
      <line num="39" count="0" type="stmt"/>
      <line num="40" count="0" type="stmt"/>
      <line num="41" count="0" type="stmt"/>
      <line num="42" count="0" type="stmt"/>
      <line num="44" count="0" type="stmt"/>
      <line num="45" count="0" type="stmt"/>
      <line num="50" count="1" type="stmt"/>
    </file>
  </project>
</coverage>
