TN:
SF:index.js
FN:23,(anonymous_0)
FN:28,(anonymous_1)
FN:38,(anonymous_2)
FNF:3
FNH:1
FNDA:0,(anonymous_0)
FNDA:1,(anonymous_1)
FNDA:0,(anonymous_2)
DA:1,1
DA:2,1
DA:3,1
DA:4,1
DA:6,1
DA:7,1
DA:8,1
DA:10,1
DA:11,1
DA:19,1
DA:21,1
DA:23,1
DA:24,0
DA:28,1
DA:29,1
DA:30,1
DA:31,0
DA:33,1
DA:34,1
DA:38,1
DA:39,0
DA:40,0
DA:41,0
DA:42,0
DA:44,0
DA:45,0
DA:50,1
LF:27
LH:19
BRDA:10,0,0,1
BRDA:10,0,1,1
BRDA:12,1,0,1
BRDA:12,1,1,0
BRDA:13,2,0,1
BRDA:13,2,1,0
BRDA:14,3,0,1
BRDA:14,3,1,0
BRDA:15,4,0,1
BRDA:15,4,1,0
BRDA:16,5,0,1
BRDA:16,5,1,0
BRF:12
BRH:7
end_of_record
